<?xml version="1.0" encoding="UTF-8"?>
<!-- Generated by org.testng.reporters.JUnitReportReporter -->
<testsuite hostname="LIN76005318" failures="0" tests="1" name="com.testcases.Demo1_DELETE_Request" time="2.119" errors="0" timestamp="2023-02-06T10:58:39 IST" skipped="0">
  <testcase classname="com.testcases.Demo1_DELETE_Request" name="deleteEmployeeRecordWithIDAsZero" time="2.119"/>
  <system-out/>
</testsuite> <!-- com.testcases.Demo1_DELETE_Request -->
