<?xml version="1.0" encoding="UTF-8"?>
<!-- Generated by org.testng.reporters.JUnitReportReporter -->
<testsuite hostname="LIN76005318" failures="0" tests="1" name="com.testcases.Demo1_POST_Requests" time="2.413" errors="0" timestamp="2023-02-02T16:38:08 IST" skipped="0">
  <testcase classname="com.testcases.Demo1_POST_Requests" name="test_CreateNewRecordInDatabase" time="2.413"/>
  <system-out/>
</testsuite> <!-- com.testcases.Demo1_POST_Requests -->
