<?xml version="1.0" encoding="UTF-8"?>
<!-- Generated by org.testng.reporters.JUnitReportReporter -->
<testsuite hostname="LIN76005318" failures="0" tests="1" name="com.testcases.Demo1_GET_Request" time="2.171" errors="0" timestamp="2023-02-03T14:34:57 IST" skipped="0">
  <testcase classname="com.testcases.Demo1_GET_Request" name="getSingleEmployeeDataProvidingIdWithSpaceAndZeros" time="2.171"/>
  <system-out/>
</testsuite> <!-- com.testcases.Demo1_GET_Request -->
